2021-03-13 10:34:49.002 [main] INFO  calculator - [SUM OF - 12.0 AND] 12.0
2021-03-13 10:34:49.007 [main] INFO  calculator - [RESULT - sum] - 24.0
2021-03-13 10:34:50.826 [main] INFO  calculator - [SUBTRACTION OF - 123.0 AND] 123.0
2021-03-13 10:34:50.826 [main] INFO  calculator - [RESULT - SUBTRACTION] - 0.0
2021-03-13 10:34:57.075 [main] INFO  calculator - [DIVISION OF - 4.0 AND] 4.0
2021-03-13 10:34:57.075 [main] INFO  calculator - [RESULT - DIVISION] - 1.0
2021-03-13 10:34:57.905 [main] INFO  calculator - [DIVISION OF - 4.0 AND] 4.0
2021-03-13 10:34:57.907 [main] INFO  calculator - [RESULT - DIVISION] - 1.0
2021-03-13 10:34:58.787 [main] INFO  calculator - [DIVISION OF - 44.0 AND] 44.0
2021-03-13 10:34:58.787 [main] INFO  calculator - [RESULT - DIVISION] - 1.0
2021-03-13 10:34:59.335 [main] INFO  calculator - [DIVISION OF - 4.0 AND] 4.0
2021-03-13 10:34:59.336 [main] INFO  calculator - [RESULT - DIVISION] - 1.0
2021-03-13 10:35:01.019 [main] INFO  calculator - [DIVISION OF - 2.0 AND] 2.0
2021-03-13 10:35:01.020 [main] INFO  calculator - [RESULT - DIVISION] - 1.0
2021-03-13 10:35:01.877 [main] INFO  calculator - [FACTORIAL] - 5.0
2021-03-13 10:35:01.878 [main] INFO  calculator - [RESULT - FACTORIAL] - 120.0
2021-03-13 10:35:02.867 [main] INFO  calculator - [SUBTRACTION OF - 2.0 AND] 2.0
2021-03-13 10:35:02.867 [main] INFO  calculator - [RESULT - SUBTRACTION] - 0.0
2021-03-13 10:35:03.429 [main] INFO  calculator - [MULTIPLY OF - 4.0 AND] 5.0
2021-03-13 10:35:03.429 [main] INFO  calculator - [RESULT - MULTIPLICATION] - 20.0
2021-03-13 10:35:03.809 [main] INFO  calculator - [SQ] - 7.0
2021-03-13 10:35:03.809 [main] INFO  calculator - [RESULT - SQ ROOT] - 7.0
2021-03-13 10:35:04.818 [main] INFO  calculator - [MULTIPLY OF - 2.0 AND] 4.0
2021-03-13 10:35:04.819 [main] INFO  calculator - [RESULT - MULTIPLICATION] - 8.0
2021-03-13 10:35:05.478 [main] INFO  calculator - [SQ ROOT] - 76.0
2021-03-13 10:35:05.479 [main] INFO  calculator - [SQ ROOT] - 76.0
2021-03-13 10:35:06.734 [main] INFO  calculator - [MULTIPLY OF - 22.0 AND] 6.0
2021-03-13 10:35:06.734 [main] INFO  calculator - [RESULT - MULTIPLICATION] - 132.0
2021-03-13 10:35:08.528 [main] INFO  calculator - [FACTORIAL] - 4.0
2021-03-13 10:35:08.528 [main] INFO  calculator - [RESULT - FACTORIAL] - 24.0
